<?xml version="1.0" encoding="UTF-8"?>
<!-- Generated by org.testng.reporters.JUnitReportReporter -->
<testsuite hostname="Raghu-PC" failures="0" tests="1" name="AssesmentThree.QuestionFive" time="35.481" errors="0" timestamp="2023-01-10T08:50:43 CST" skipped="0">
  <testcase classname="AssesmentThree.QuestionFive" name="TestLogin" time="35.481"/>
  <system-out/>
</testsuite> <!-- AssesmentThree.QuestionFive -->
