<?xml version="1.0" encoding="UTF-8"?>
<!-- Generated by org.testng.reporters.JUnitReportReporter -->
<testsuite hostname="Raghu-PC" failures="0" tests="4" name="AssesmentThree.QuestionFour" time="11.381" errors="0" timestamp="2023-01-08T18:26:57 CST" skipped="0">
  <testcase classname="AssesmentThree.QuestionFour" name="toSupport" time="2.617"/>
  <system-out/>
  <testcase classname="AssesmentThree.QuestionFour" name="futureDateSelector" time="4.331"/>
  <system-out/>
  <testcase classname="AssesmentThree.QuestionFour" name="openurl" time="3.976"/>
  <system-out/>
  <testcase classname="AssesmentThree.QuestionFour" name="todaysDateSelector" time="0.457"/>
  <system-out/>
</testsuite> <!-- AssesmentThree.QuestionFour -->
