<?xml version="1.0" encoding="UTF-8"?>
<!-- Generated by org.testng.reporters.JUnitReportReporter -->
<testsuite hostname="Raghu-PC" failures="0" tests="2" name="AssesmentThree.MultipleDataTest" time="0.039" errors="0" timestamp="2023-01-11T17:42:58 CST" skipped="0">
  <testcase classname="AssesmentThree.MultipleDataTest" name="dataReceiverd" time="0.004"/>
  <system-out/>
  <testcase classname="AssesmentThree.MultipleDataTest" name="dataReceiverd" time="0.035"/>
  <system-out/>
</testsuite> <!-- AssesmentThree.MultipleDataTest -->
